<?xml version="1.0" encoding="utf-8" ?> 
<rss version="2.0" xmlns:content="http://purl.org/rss/1.0/modules/content/">
    <channel> 
        <xhtml:meta xmlns:xhtml="http://www.w3.org/1999/xhtml" name="robots" content="noindex" />
        <title>York Region-News (from https://www.yorkregion.com)</title> 
        <link> https://www.yorkregion.com/yorkregion-news/ </link>
        <description>Stories from https://www.yorkregion.com</description> 
        <category>news</category>
        <language>en-ca</language> 
        <ttl>60</ttl>
        <copyright>Copyright (c) Metroland Media Group Ltd. 2018, All Rights Reserved.</copyright>         
        
				<item>
                    <title>Judge approves gay purge settlement</title>
                    <link> https://www.yorkregion.com/news-story/8679295-judge-approves-gay-purge-settlement/ </link>						                                                 				                                             

					  <description>&lt;img alt=&quot;Lawyer Doug Elliott, the lead for the plaintiffs in the LGBT purge class action lawsuit, chats outside the courtroom in the Federal Court of Canada in Ottawa, on June 18, 2018. THE CANADIAN PRESS/David Kawai&quot; src=&quot;http://media.zuza.com/2/b/2bb42b24-0b1e-4f12-8bd5-9867b67aa3df/DKK103482774_Content.jpg&quot; /&gt;&lt;p&gt;Tears flow as gay military veterans tell judge about ruined careers, lives&lt;/p&gt;</description>
                                    <category><![CDATA[ News ]]></category>         
                                    <category><![CDATA[ News/Canada ]]></category>         
    
                                                                         
                     <pubDate>Mon, 18 Jun 2018 18:30:32 -0400 </pubDate> 

                     <creator><![CDATA[  ]]></creator> 
                     <guid>https://www.yorkregion.com/news-story/8679295-judge-approves-gay-purge-settlement/</guid>                        				
                </item>
				<item>
                    <title>Crown wants 2 years for man who assaulted student</title>
                    <link> https://www.yorkregion.com/news-story/8679818-crown-wants-2-years-for-man-who-assaulted-student/ </link>						                                                 				                                             

					  <description>Crown wants two-year prison term for Quebec man who sexually assaulted student&lt;/p&gt;</description>
                                    <category><![CDATA[ News ]]></category>         
                                    <category><![CDATA[ News/Canada ]]></category>         
    
                                                                         
                     <pubDate>Mon, 18 Jun 2018 18:22:29 -0400 </pubDate> 

                     <creator><![CDATA[  ]]></creator> 
                     <guid>https://www.yorkregion.com/news-story/8679818-crown-wants-2-years-for-man-who-assaulted-student/</guid>                        				
                </item>
				<item>
                    <title>Feds to launch national big data strategy</title>
                    <link> https://www.yorkregion.com/news-story/8679297-feds-to-launch-national-big-data-strategy/ </link>						                                                 				                                             

					  <description>&lt;img alt=&quot;Minister of Innovation, Science and Economic Development Navdeep Bains rises during Question Period in the House of Commons on Parliament Hill in Ottawa on Monday, June 18, 2018. THE CANADIAN PRESS/Justin Tang&quot; src=&quot;http://media.zuza.com/b/4/b4a5d4d0-af73-44e8-a7d8-6348989e8f5a/JDT111482798_Content.jpg&quot; /&gt;&lt;p&gt;Trudeau government to kick off talks towards national strategy on big data&lt;/p&gt;</description>
                                    <category><![CDATA[ News ]]></category>         
                                    <category><![CDATA[ News/Business ]]></category>         
    
                                                                         
                     <pubDate>Mon, 18 Jun 2018 17:45:57 -0400 </pubDate> 

                     <creator><![CDATA[  ]]></creator> 
                     <guid>https://www.yorkregion.com/news-story/8679297-feds-to-launch-national-big-data-strategy/</guid>                        				
                </item>
				<item>
                    <title>5 people hit by lightning in SW Ont.: police</title>
                    <link> https://www.yorkregion.com/news-story/8679698-5-people-hit-by-lightning-in-sw-ont-police/ </link>						                                                 				                                             

					  <description>Five people taken to hospital after being hit by lightning in SW Ont.: police&lt;/p&gt;</description>
                                    <category><![CDATA[ News ]]></category>         
                                    <category><![CDATA[ News/Ontario ]]></category>         
    
                                                                         
                     <pubDate>Mon, 18 Jun 2018 17:40:34 -0400 </pubDate> 

                     <creator><![CDATA[  ]]></creator> 
                     <guid>https://www.yorkregion.com/news-story/8679698-5-people-hit-by-lightning-in-sw-ont-police/</guid>                        				
                </item>
				<item>
                    <title>Trump digs in on immigration as national outrage rises</title>
                    <link> https://www.yorkregion.com/news-story/8677851-trump-digs-in-on-immigration-as-national-outrage-rises/ </link>						                                                 				                                             

					  <description>&lt;img alt=&quot;FILE - In this June 1, 2018, file photo, children hold signs during a demonstration in front of the Immigration and Customs Enforcement offices in Miramar, Fla. The Trump administration&#39;s move to separate immigrant parents from their children on the U.S.-Mexico border has turned into a full-blown crisis in recent weeks, drawing denunciation from the United Nations, Roman Catholic bishops and countless humanitarian groups. (AP Photo/Wilfredo Lee, File)&quot; src=&quot;http://media.zuza.com/a/9/a9f487ad-beef-4630-81fa-d448e6ea0748/LA701-61_2018_225711_Content.jpg&quot; /&gt;&lt;p&gt;Family separation policy starts dividing Republicans&lt;/p&gt;</description>
                                    <category><![CDATA[ News ]]></category>         
                                    <category><![CDATA[ News/World ]]></category>         
    
                                                                         
                     <pubDate>Mon, 18 Jun 2018 17:36:19 -0400 </pubDate> 

                     <creator><![CDATA[  ]]></creator> 
                     <guid>https://www.yorkregion.com/news-story/8677851-trump-digs-in-on-immigration-as-national-outrage-rises/</guid>                        				
                </item>
				<item>
                    <title>Musician wins suit against ex who sabotaged his scholarship</title>
                    <link> https://www.yorkregion.com/news-story/8679577-musician-wins-suit-against-ex-who-sabotaged-his-scholarship/ </link>						                                                 				                                             

					  <description>Musician wins suit against ex who sabotaged his scholarship&lt;/p&gt;</description>
                                    <category><![CDATA[ News ]]></category>         
                                    <category><![CDATA[ News/World ]]></category>         
    
                                                                         
                     <pubDate>Mon, 18 Jun 2018 17:34:43 -0400 </pubDate> 

                     <creator><![CDATA[  ]]></creator> 
                     <guid>https://www.yorkregion.com/news-story/8679577-musician-wins-suit-against-ex-who-sabotaged-his-scholarship/</guid>                        				
                </item>
				<item>
                    <title>Trudeau on U.S. migrant children policy</title>
                    <link> https://www.yorkregion.com/news-story/8679197-trudeau-on-u-s-migrant-children-policy/ </link>						                                                 				                                             

					  <description>&lt;img alt=&quot;Minister of Public Safety Ralph Goodale speaks during question period in the House of Commons on Parliament Hill in Ottawa on Thursday, June 14, 2018. Children of immigrants and refugees are detained only as a last resort in Canada and new measures will soon be rolled out to offer alternatives to detaining immigrants, says Canada&#39;s Public Safety Minister Ralph Goodale. THE CANADIAN PRESS/David Kawai&quot; src=&quot;http://media.zuza.com/3/9/3907b736-185f-46d2-9029-ef989a629663/CPT121482759_Content.jpg&quot; /&gt;&lt;p&gt;Trudeau says he won&#39;t &#39;play politics&#39; on U.S. migrant children policy&lt;/p&gt;</description>
                                    <category><![CDATA[ News ]]></category>         
                                    <category><![CDATA[ News/Canada ]]></category>         
    
                                                                         
                     <pubDate>Mon, 18 Jun 2018 17:29:53 -0400 </pubDate> 

                     <creator><![CDATA[  ]]></creator> 
                     <guid>https://www.yorkregion.com/news-story/8679197-trudeau-on-u-s-migrant-children-policy/</guid>                        				
                </item>
				<item>
                    <title>Trudeau calls child poverty report &#39;alarming&#39;</title>
                    <link> https://www.yorkregion.com/news-story/8677278-trudeau-calls-child-poverty-report-alarming-/ </link>						                                                 				                                             

					  <description>&lt;img alt=&quot;Minister of Finance Bill Morneau participates in a TV interview on Parliament Hill in Ottawa on February 27, 2018. Four in every 10 children residing in Finance Minister Bill Morneau&#39;s downtown Toronto riding live in poverty, one of the highest rates identified in a new report tracking child poverty rates across all 338 federal ridings. The anti-poverty advocacy group behind the report, Campaign 2000, hopes the data will prod the government to approve a soon-to-be-finalized poverty-reduction strategy before next year&#39;s federal election, and enshrine commitments in legislation so it cannot be undone by a future government. THE CANADIAN PRESS/Justin Tang&quot; src=&quot;http://media.zuza.com/f/9/f92e098b-d315-4861-9c19-f5d863cffe08/CPT103482712_Content.jpg&quot; /&gt;&lt;p&gt;In Bill Morneau&#39;s riding, 40 per cent of children live in poverty, report says&lt;/p&gt;</description>
                                    <category><![CDATA[ News ]]></category>         
                                    <category><![CDATA[ News/Canada ]]></category>         
    
                                                                         
                     <pubDate>Mon, 18 Jun 2018 17:26:17 -0400 </pubDate> 

                     <creator><![CDATA[  ]]></creator> 
                     <guid>https://www.yorkregion.com/news-story/8677278-trudeau-calls-child-poverty-report-alarming-/</guid>                        				
                </item>
				<item>
                    <title>BMO, Simplii proposed class actions filed</title>
                    <link> https://www.yorkregion.com/news-story/8678939-bmo-simplii-proposed-class-actions-filed/ </link>						                                                 				                                             

					  <description>&lt;img alt=&quot;People walk past the Bank of Montreal Financial Group building in downtown Toronto on January 28, 2014. THE CANADIAN PRESS/Nathan Denette&quot; src=&quot;http://media.zuza.com/6/a/6a726cf6-8382-4d75-bfdb-e920e4dd3fbf/CPT122482767_Content.jpg&quot; /&gt;&lt;p&gt;Proposed class-action lawsuits filed against Bank of Montreal, CIBC&#39;s Simplii&lt;/p&gt;</description>
                                    <category><![CDATA[ News ]]></category>         
                                    <category><![CDATA[ News/Business ]]></category>         
    
                                                                         
                     <pubDate>Mon, 18 Jun 2018 17:25:12 -0400 </pubDate> 

                     <creator><![CDATA[  ]]></creator> 
                     <guid>https://www.yorkregion.com/news-story/8678939-bmo-simplii-proposed-class-actions-filed/</guid>                        				
                </item>
				<item>
                    <title>Baytex and Raging River sign merger deal</title>
                    <link> https://www.yorkregion.com/news-story/8678138-baytex-and-raging-river-sign-merger-deal/ </link>						                                                 				                                             

					  <description>Baytex Energy and Raging River Exploration sign merger deal&lt;/p&gt;</description>
                                    <category><![CDATA[ News ]]></category>         
                                    <category><![CDATA[ News/Business ]]></category>         
    
                                                                         
                     <pubDate>Mon, 18 Jun 2018 17:16:48 -0400 </pubDate> 

                     <creator><![CDATA[  ]]></creator> 
                     <guid>https://www.yorkregion.com/news-story/8678138-baytex-and-raging-river-sign-merger-deal/</guid>                        				
                </item>
    </channel>
</rss>
